#1733669327272 | took 11ms | statement | connection 0| url jdbc:mysql://133.186.241.167:3306/nhn_academy_blog
    insert into blogs
    set
        blog_name=?,
        blog_mb_nickname=?,
        blog_description=?,
        created_at=?

    insert into blogs
    set
        blog_name='NHN아카데미-blog',
        blog_mb_nickname='nhn-academy-marco',
        blog_description='NHN아카데미-블로그 입니다.',
        created_at='2024-12-08T23:48:47.256+0900'
;
#1733669327288 | took 9ms | statement | connection 0| url jdbc:mysql://133.186.241.167:3306/nhn_academy_blog
    insert into categories
    set
        category_pid=?,
        blog_id=?,
        topic_id=?,
        category_name=?,
        category_sec=?,
        created_at=?

    insert into categories
    set
        category_pid=NULL,
        blog_id=99,
        topic_id=NULL,
        category_name='스프링',
        category_sec=1,
        created_at='2024-12-08T23:48:47.288+0900'
;
#1733669327308 | took 9ms | statement | connection 0| url jdbc:mysql://133.186.241.167:3306/nhn_academy_blog
    insert into categories
    set
        category_pid=?,
        blog_id=?,
        topic_id=?,
        category_name=?,
        category_sec=?,
        created_at=?

    insert into categories
    set
        category_pid=43,
        blog_id=99,
        topic_id=NULL,
        category_name='스프링-코어',
        category_sec=1,
        created_at='2024-12-08T23:48:47.308+0900'
;
#1733669327323 | took 11ms | statement | connection 0| url jdbc:mysql://133.186.241.167:3306/nhn_academy_blog
select
    category_id,
    category_pid,
    blog_id,
    topic_id,
    category_name,
    category_sec,
    created_at,
    updated_at
from
    categories
where
    category_id=?

select
    category_id,
    category_pid,
    blog_id,
    topic_id,
    category_name,
    category_sec,
    created_at,
    updated_at
from
    categories
where
    category_id=44
;
#1733669327339 | took 9ms | rollback | connection 0| url jdbc:mysql://133.186.241.167:3306/nhn_academy_blog

;
